<?xml version="1.0" encoding="UTF-8"?>
<!-- Generated by org.testng.reporters.JUnitXMLReporter -->
<testsuite hostname="Nithesh-Gowda" name="Default test" tests="3" failures="0" timestamp="4 Sep 2020 04:11:29 GMT" time="34.0" errors="0">
  <testcase name="exceuteTest" time="17.908" classname="sausceLabs.ParallelExceution"/>
  <testcase name="exceuteTest" time="19.832" classname="sausceLabs.ParallelExceution"/>
  <testcase name="exceuteTest" time="33.904" classname="sausceLabs.ParallelExceution"/>
</testsuite> <!-- Default test -->
