<?xml version="1.0" encoding="UTF-8"?>
<testng-results skipped="0" failed="0" total="2" passed="2">
  <reporter-output>
  </reporter-output>
  <suite name="Suite" duration-ms="20406" started-at="2020-09-06T14:41:35Z" finished-at="2020-09-06T14:41:55Z">
    <groups>
    </groups>
    <test name="TestMAC" duration-ms="18387" started-at="2020-09-06T14:41:35Z" finished-at="2020-09-06T14:41:53Z">
      <class name="sausceLabs.RunParallel">
        <test-method status="PASS" signature="configBC(java.lang.String, java.lang.String, java.lang.String)[pri:0, instance:sausceLabs.RunParallel@3bfdc050]" name="configBC" is-config="true" duration-ms="12864" started-at="2020-09-06T20:11:35Z" finished-at="2020-09-06T20:11:48Z">
          <params>
            <param index="0">
              <value>
                <![CDATA[MAC]]>
              </value>
            </param>
            <param index="1">
              <value>
                <![CDATA[chrome]]>
              </value>
            </param>
            <param index="2">
              <value>
                <![CDATA[85]]>
              </value>
            </param>
          </params>
          <reporter-output>
          </reporter-output>
        </test-method> <!-- configBC -->
        <test-method status="PASS" signature="RunTest()[pri:0, instance:sausceLabs.RunParallel@3bfdc050]" name="RunTest" duration-ms="5046" started-at="2020-09-06T20:11:48Z" finished-at="2020-09-06T20:11:53Z">
          <reporter-output>
          </reporter-output>
        </test-method> <!-- RunTest -->
        <test-method status="PASS" signature="configAc()[pri:0, instance:sausceLabs.RunParallel@3bfdc050]" name="configAc" is-config="true" duration-ms="446" started-at="2020-09-06T20:11:53Z" finished-at="2020-09-06T20:11:53Z">
          <reporter-output>
          </reporter-output>
        </test-method> <!-- configAc -->
      </class> <!-- sausceLabs.RunParallel -->
    </test> <!-- TestMAC -->
    <test name="TestWindows" duration-ms="20406" started-at="2020-09-06T14:41:35Z" finished-at="2020-09-06T14:41:55Z">
      <class name="sausceLabs.RunParallel">
        <test-method status="PASS" signature="configBC(java.lang.String, java.lang.String, java.lang.String)[pri:0, instance:sausceLabs.RunParallel@2b98378d]" name="configBC" is-config="true" duration-ms="12691" started-at="2020-09-06T20:11:35Z" finished-at="2020-09-06T20:11:48Z">
          <params>
            <param index="0">
              <value>
                <![CDATA[WINDOWS]]>
              </value>
            </param>
            <param index="1">
              <value>
                <![CDATA[chrome]]>
              </value>
            </param>
            <param index="2">
              <value>
                <![CDATA[85]]>
              </value>
            </param>
          </params>
          <reporter-output>
          </reporter-output>
        </test-method> <!-- configBC -->
        <test-method status="PASS" signature="RunTest()[pri:0, instance:sausceLabs.RunParallel@2b98378d]" name="RunTest" duration-ms="6125" started-at="2020-09-06T20:11:48Z" finished-at="2020-09-06T20:11:54Z">
          <reporter-output>
          </reporter-output>
        </test-method> <!-- RunTest -->
        <test-method status="PASS" signature="configAc()[pri:0, instance:sausceLabs.RunParallel@2b98378d]" name="configAc" is-config="true" duration-ms="1552" started-at="2020-09-06T20:11:54Z" finished-at="2020-09-06T20:11:55Z">
          <reporter-output>
          </reporter-output>
        </test-method> <!-- configAc -->
      </class> <!-- sausceLabs.RunParallel -->
    </test> <!-- TestWindows -->
  </suite> <!-- Suite -->
</testng-results>
